{"/Users/fbosi/personal/content-manager-app/userService/src/app.ts": {"path":"/Users/fbosi/personal/content-manager-app/userService/src/app.ts","statementMap":{"0":{"start":{"line":1,"column":0},"end":{"line":1,"column":30}},"1":{"start":{"line":2,"column":0},"end":{"line":2,"column":37}},"2":{"start":{"line":4,"column":0},"end":{"line":4,"column":45}},"3":{"start":{"line":5,"column":0},"end":{"line":5,"column":39}},"4":{"start":{"line":6,"column":0},"end":{"line":6,"column":48}},"5":{"start":{"line":8,"column":0},"end":{"line":8,"column":54}},"6":{"start":{"line":10,"column":13},"end":{"line":10,"column":36}},"7":{"start":{"line":12,"column":33},"end":{"line":12,"column":42}},"8":{"start":{"line":13,"column":13},"end":{"line":13,"column":37}},"9":{"start":{"line":14,"column":0},"end":{"line":14,"column":20}},"10":{"start":{"line":16,"column":0},"end":{"line":16,"column":27}},"11":{"start":{"line":18,"column":0},"end":{"line":18,"column":21}},"12":{"start":{"line":19,"column":0},"end":{"line":19,"column":20}},"13":{"start":{"line":20,"column":0},"end":{"line":20,"column":22}},"14":{"start":{"line":22,"column":13},"end":{"line":22,"column":39}},"15":{"start":{"line":25,"column":0},"end":{"line":25,"column":19}}},"fnMap":{},"branchMap":{"0":{"loc":{"start":{"line":13,"column":13},"end":{"line":13,"column":29}},"type":"binary-expr","locations":[{"start":{"line":13,"column":13},"end":{"line":13,"column":29}},{"start":{"line":13,"column":33},"end":{"line":13,"column":37}}]}},"s":{"0":3,"1":3,"2":3,"3":3,"4":3,"5":3,"6":3,"7":3,"8":3,"9":3,"10":3,"11":3,"12":3,"13":3,"14":3,"15":3},"f":{},"b":{"0":[3,3]}}
,"/Users/fbosi/personal/content-manager-app/userService/src/mongoConnection.ts": {"path":"/Users/fbosi/personal/content-manager-app/userService/src/mongoConnection.ts","statementMap":{"0":{"start":{"line":1,"column":0},"end":{"line":1,"column":32}},"1":{"start":{"line":2,"column":0},"end":{"line":2,"column":53}},"2":{"start":{"line":4,"column":12},"end":{"line":4,"column":283}},"3":{"start":{"line":6,"column":33},"end":{"line":16,"column":1}},"4":{"start":{"line":7,"column":2},"end":{"line":15,"column":4}},"5":{"start":{"line":6,"column":13},"end":{"line":6,"column":33}}},"fnMap":{"0":{"name":"(anonymous_1)","decl":{"start":{"line":6,"column":33},"end":{"line":6,"column":36}},"loc":{"start":{"line":6,"column":38},"end":{"line":16,"column":1}}}},"branchMap":{},"s":{"0":4,"1":4,"2":4,"3":4,"4":7,"5":4},"f":{"0":7},"b":{}}
,"/Users/fbosi/personal/content-manager-app/userService/src/models/user.ts": {"path":"/Users/fbosi/personal/content-manager-app/userService/src/models/user.ts","statementMap":{"0":{"start":{"line":1,"column":0},"end":{"line":1,"column":32}},"1":{"start":{"line":3,"column":0},"end":{"line":3,"column":null}},"2":{"start":{"line":4,"column":2},"end":{"line":4,"column":null}},"3":{"start":{"line":5,"column":2},"end":{"line":5,"column":null}},"4":{"start":{"line":20,"column":19},"end":{"line":42,"column":2}},"5":{"start":{"line":44,"column":0},"end":{"line":46,"column":2}},"6":{"start":{"line":45,"column":2},"end":{"line":45,"column":24}},"7":{"start":{"line":48,"column":13},"end":{"line":48,"column":80}}},"fnMap":{"0":{"name":"(anonymous_1)","decl":{"start":{"line":3,"column":0},"end":{"line":3,"column":5}},"loc":{"start":{"line":3,"column":13},"end":{"line":6,"column":1}}},"1":{"name":"(anonymous_2)","decl":{"start":{"line":44,"column":27},"end":{"line":44,"column":28}},"loc":{"start":{"line":44,"column":43},"end":{"line":46,"column":1}}}},"branchMap":{"0":{"loc":{"start":{"line":3,"column":5},"end":{"line":3,"column":13}},"type":"binary-expr","locations":[{"start":{"line":3,"column":5},"end":{"line":3,"column":13}},{"start":{"line":3,"column":5},"end":{"line":3,"column":null}}]}},"s":{"0":4,"1":4,"2":4,"3":4,"4":4,"5":4,"6":2,"7":4},"f":{"0":4,"1":2},"b":{"0":[4,4]}}
,"/Users/fbosi/personal/content-manager-app/userService/src/routes/login.ts": {"path":"/Users/fbosi/personal/content-manager-app/userService/src/routes/login.ts","statementMap":{"0":{"start":{"line":1,"column":0},"end":{"line":1,"column":30}},"1":{"start":{"line":2,"column":0},"end":{"line":2,"column":31}},"2":{"start":{"line":4,"column":0},"end":{"line":4,"column":37}},"3":{"start":{"line":5,"column":0},"end":{"line":5,"column":45}},"4":{"start":{"line":7,"column":0},"end":{"line":7,"column":38}},"5":{"start":{"line":9,"column":13},"end":{"line":9,"column":44}},"6":{"start":{"line":11,"column":0},"end":{"line":38,"column":3}},"7":{"start":{"line":12,"column":33},"end":{"line":12,"column":41}},"8":{"start":{"line":14,"column":15},"end":{"line":14,"column":44}},"9":{"start":{"line":16,"column":2},"end":{"line":19,"column":null}},"10":{"start":{"line":17,"column":4},"end":{"line":17,"column":56}},"11":{"start":{"line":18,"column":4},"end":{"line":18,"column":11}},"12":{"start":{"line":20,"column":2},"end":{"line":23,"column":null}},"13":{"start":{"line":21,"column":4},"end":{"line":21,"column":65}},"14":{"start":{"line":22,"column":4},"end":{"line":22,"column":11}},"15":{"start":{"line":25,"column":30},"end":{"line":25,"column":55}},"16":{"start":{"line":27,"column":2},"end":{"line":30,"column":null}},"17":{"start":{"line":28,"column":4},"end":{"line":28,"column":56}},"18":{"start":{"line":29,"column":4},"end":{"line":29,"column":11}},"19":{"start":{"line":32,"column":17},"end":{"line":32,"column":28}},"20":{"start":{"line":33,"column":16},"end":{"line":35,"column":4}},"21":{"start":{"line":37,"column":2},"end":{"line":37,"column":34}}},"fnMap":{"0":{"name":"(anonymous_1)","decl":{"start":{"line":11,"column":31},"end":{"line":11,"column":36}},"loc":{"start":{"line":11,"column":50},"end":{"line":38,"column":1}}}},"branchMap":{"0":{"loc":{"start":{"line":16,"column":2},"end":{"line":19,"column":null}},"type":"if","locations":[{"start":{"line":16,"column":2},"end":{"line":19,"column":null}},{"start":{"line":16,"column":2},"end":{"line":19,"column":null}}]},"1":{"loc":{"start":{"line":20,"column":2},"end":{"line":23,"column":null}},"type":"if","locations":[{"start":{"line":20,"column":2},"end":{"line":23,"column":null}},{"start":{"line":20,"column":2},"end":{"line":23,"column":null}}]},"2":{"loc":{"start":{"line":27,"column":2},"end":{"line":30,"column":null}},"type":"if","locations":[{"start":{"line":27,"column":2},"end":{"line":30,"column":null}},{"start":{"line":27,"column":2},"end":{"line":30,"column":null}}]}},"s":{"0":3,"1":3,"2":3,"3":3,"4":3,"5":3,"6":3,"7":6,"8":6,"9":6,"10":1,"11":1,"12":5,"13":1,"14":1,"15":4,"16":4,"17":1,"18":1,"19":3,"20":3,"21":3},"f":{"0":6},"b":{"0":[1,5],"1":[1,4],"2":[1,3]}}
,"/Users/fbosi/personal/content-manager-app/userService/src/routes/user.ts": {"path":"/Users/fbosi/personal/content-manager-app/userService/src/routes/user.ts","statementMap":{"0":{"start":{"line":1,"column":0},"end":{"line":1,"column":30}},"1":{"start":{"line":3,"column":0},"end":{"line":3,"column":45}},"2":{"start":{"line":4,"column":0},"end":{"line":4,"column":48}},"3":{"start":{"line":6,"column":0},"end":{"line":6,"column":38}},"4":{"start":{"line":8,"column":19},"end":{"line":8,"column":35}},"5":{"start":{"line":10,"column":0},"end":{"line":21,"column":3}},"6":{"start":{"line":11,"column":64},"end":{"line":11,"column":72}},"7":{"start":{"line":13,"column":25},"end":{"line":13,"column":42}},"8":{"start":{"line":14,"column":2},"end":{"line":20,"column":null}},"9":{"start":{"line":15,"column":20},"end":{"line":15,"column":101}},"10":{"start":{"line":16,"column":4},"end":{"line":16,"column":25}},"11":{"start":{"line":17,"column":4},"end":{"line":17,"column":34}},"12":{"start":{"line":19,"column":4},"end":{"line":19,"column":28}},"13":{"start":{"line":23,"column":0},"end":{"line":33,"column":3}},"14":{"start":{"line":24,"column":31},"end":{"line":24,"column":39}},"15":{"start":{"line":26,"column":21},"end":{"line":26,"column":68}},"16":{"start":{"line":28,"column":2},"end":{"line":32,"column":null}},"17":{"start":{"line":29,"column":4},"end":{"line":29,"column":76}},"18":{"start":{"line":31,"column":4},"end":{"line":31,"column":84}},"19":{"start":{"line":35,"column":0},"end":{"line":35,"column":26}}},"fnMap":{"0":{"name":"(anonymous_1)","decl":{"start":{"line":10,"column":30},"end":{"line":10,"column":35}},"loc":{"start":{"line":10,"column":49},"end":{"line":21,"column":1}}},"1":{"name":"(anonymous_2)","decl":{"start":{"line":23,"column":43},"end":{"line":23,"column":48}},"loc":{"start":{"line":23,"column":62},"end":{"line":33,"column":1}}}},"branchMap":{"0":{"loc":{"start":{"line":28,"column":2},"end":{"line":32,"column":null}},"type":"if","locations":[{"start":{"line":28,"column":2},"end":{"line":32,"column":null}},{"start":{"line":28,"column":2},"end":{"line":32,"column":null}}]}},"s":{"0":3,"1":3,"2":3,"3":3,"4":3,"5":3,"6":2,"7":2,"8":2,"9":2,"10":2,"11":1,"12":1,"13":3,"14":2,"15":2,"16":2,"17":1,"18":1,"19":3},"f":{"0":2,"1":2},"b":{"0":[1,1]}}
,"/Users/fbosi/personal/content-manager-app/userService/src/routes/verifyToken.ts": {"path":"/Users/fbosi/personal/content-manager-app/userService/src/routes/verifyToken.ts","statementMap":{"0":{"start":{"line":1,"column":0},"end":{"line":1,"column":30}},"1":{"start":{"line":3,"column":0},"end":{"line":3,"column":48}},"2":{"start":{"line":4,"column":0},"end":{"line":4,"column":38}},"3":{"start":{"line":6,"column":21},"end":{"line":6,"column":37}},"4":{"start":{"line":8,"column":0},"end":{"line":16,"column":3}},"5":{"start":{"line":9,"column":21},"end":{"line":9,"column":29}},"6":{"start":{"line":11,"column":15},"end":{"line":11,"column":47}},"7":{"start":{"line":14,"column":2},"end":{"line":14,"column":26}},"8":{"start":{"line":15,"column":2},"end":{"line":15,"column":32}},"9":{"start":{"line":18,"column":0},"end":{"line":18,"column":28}}},"fnMap":{"0":{"name":"(anonymous_1)","decl":{"start":{"line":8,"column":50},"end":{"line":8,"column":55}},"loc":{"start":{"line":8,"column":69},"end":{"line":16,"column":1}}}},"branchMap":{},"s":{"0":3,"1":3,"2":3,"3":3,"4":3,"5":1,"6":1,"7":1,"8":1,"9":3},"f":{"0":1},"b":{}}
,"/Users/fbosi/personal/content-manager-app/userService/src/util/encryption.ts": {"path":"/Users/fbosi/personal/content-manager-app/userService/src/util/encryption.ts","statementMap":{"0":{"start":{"line":1,"column":0},"end":{"line":1,"column":28}},"1":{"start":{"line":3,"column":18},"end":{"line":3,"column":26}},"2":{"start":{"line":5,"column":23},"end":{"line":22,"column":1}},"3":{"start":{"line":6,"column":13},"end":{"line":6,"column":35}},"4":{"start":{"line":8,"column":15},"end":{"line":8,"column":37}},"5":{"start":{"line":10,"column":14},"end":{"line":10,"column":68}},"6":{"start":{"line":12,"column":17},"end":{"line":12,"column":62}},"7":{"start":{"line":14,"column":20},"end":{"line":17,"column":4}},"8":{"start":{"line":19,"column":14},"end":{"line":19,"column":33}},"9":{"start":{"line":21,"column":2},"end":{"line":21,"column":70}},"10":{"start":{"line":5,"column":13},"end":{"line":5,"column":23}},"11":{"start":{"line":24,"column":23},"end":{"line":43,"column":1}},"12":{"start":{"line":25,"column":16},"end":{"line":25,"column":51}},"13":{"start":{"line":27,"column":15},"end":{"line":27,"column":33}},"14":{"start":{"line":28,"column":13},"end":{"line":28,"column":32}},"15":{"start":{"line":29,"column":14},"end":{"line":29,"column":33}},"16":{"start":{"line":30,"column":15},"end":{"line":30,"column":30}},"17":{"start":{"line":32,"column":14},"end":{"line":32,"column":68}},"18":{"start":{"line":34,"column":19},"end":{"line":34,"column":66}},"19":{"start":{"line":35,"column":2},"end":{"line":35,"column":27}},"20":{"start":{"line":40,"column":4},"end":{"line":40,"column":68}},"21":{"start":{"line":42,"column":2},"end":{"line":42,"column":19}},"22":{"start":{"line":24,"column":13},"end":{"line":24,"column":23}}},"fnMap":{"0":{"name":"(anonymous_1)","decl":{"start":{"line":5,"column":23},"end":{"line":5,"column":24}},"loc":{"start":{"line":5,"column":41},"end":{"line":22,"column":1}}},"1":{"name":"(anonymous_2)","decl":{"start":{"line":24,"column":23},"end":{"line":24,"column":24}},"loc":{"start":{"line":24,"column":48},"end":{"line":43,"column":1}}}},"branchMap":{},"s":{"0":5,"1":5,"2":5,"3":4,"4":4,"5":4,"6":4,"7":4,"8":4,"9":4,"10":5,"11":5,"12":10,"13":10,"14":10,"15":10,"16":10,"17":10,"18":10,"19":10,"20":10,"21":10,"22":5},"f":{"0":4,"1":10},"b":{}}
,"/Users/fbosi/personal/content-manager-app/userService/src/util/verifyToken.ts": {"path":"/Users/fbosi/personal/content-manager-app/userService/src/util/verifyToken.ts","statementMap":{"0":{"start":{"line":1,"column":0},"end":{"line":1,"column":31}},"1":{"start":{"line":3,"column":0},"end":{"line":3,"column":37}},"2":{"start":{"line":5,"column":25},"end":{"line":20,"column":1}},"3":{"start":{"line":6,"column":16},"end":{"line":6,"column":45}},"4":{"start":{"line":7,"column":2},"end":{"line":8,"column":80}},"5":{"start":{"line":8,"column":4},"end":{"line":8,"column":80}},"6":{"start":{"line":10,"column":2},"end":{"line":19,"column":5}},"7":{"start":{"line":11,"column":4},"end":{"line":15,"column":null}},"8":{"start":{"line":12,"column":6},"end":{"line":14,"column":73}},"9":{"start":{"line":17,"column":4},"end":{"line":17,"column":33}},"10":{"start":{"line":18,"column":4},"end":{"line":18,"column":11}},"11":{"start":{"line":5,"column":13},"end":{"line":5,"column":25}}},"fnMap":{"0":{"name":"(anonymous_1)","decl":{"start":{"line":5,"column":25},"end":{"line":5,"column":26}},"loc":{"start":{"line":5,"column":59},"end":{"line":20,"column":1}}},"1":{"name":"(anonymous_2)","decl":{"start":{"line":10,"column":33},"end":{"line":10,"column":43}},"loc":{"start":{"line":10,"column":65},"end":{"line":19,"column":3}}}},"branchMap":{"0":{"loc":{"start":{"line":7,"column":2},"end":{"line":8,"column":80}},"type":"if","locations":[{"start":{"line":7,"column":2},"end":{"line":8,"column":80}},{"start":{"line":7,"column":2},"end":{"line":8,"column":80}}]},"1":{"loc":{"start":{"line":11,"column":4},"end":{"line":15,"column":null}},"type":"if","locations":[{"start":{"line":11,"column":4},"end":{"line":15,"column":null}},{"start":{"line":11,"column":4},"end":{"line":15,"column":null}}]}},"s":{"0":3,"1":3,"2":3,"3":5,"4":5,"5":1,"6":4,"7":4,"8":1,"9":3,"10":3,"11":3},"f":{"0":5,"1":4},"b":{"0":[1,4],"1":[1,3]}}
}
