TN:
SF:src/app.ts
FNF:0
FNH:0
DA:1,3
DA:2,3
DA:4,3
DA:5,3
DA:6,3
DA:8,3
DA:10,3
DA:12,3
DA:13,3
DA:14,3
DA:16,3
DA:18,3
DA:19,3
DA:20,3
DA:22,3
DA:25,3
LF:16
LH:16
BRDA:13,0,0,3
BRDA:13,0,1,3
BRF:2
BRH:2
end_of_record
TN:
SF:src/mongoConnection.ts
FN:6,(anonymous_1)
FNF:1
FNH:1
FNDA:7,(anonymous_1)
DA:1,4
DA:2,4
DA:4,4
DA:6,4
DA:7,7
LF:5
LH:5
BRF:0
BRH:0
end_of_record
TN:
SF:src/models/user.ts
FN:3,(anonymous_1)
FN:44,(anonymous_2)
FNF:2
FNH:2
FNDA:4,(anonymous_1)
FNDA:2,(anonymous_2)
DA:1,4
DA:3,4
DA:4,4
DA:5,4
DA:20,4
DA:44,4
DA:45,2
DA:48,4
LF:8
LH:8
BRDA:3,0,0,4
BRDA:3,0,1,4
BRF:2
BRH:2
end_of_record
TN:
SF:src/routes/login.ts
FN:11,(anonymous_1)
FNF:1
FNH:1
FNDA:6,(anonymous_1)
DA:1,3
DA:2,3
DA:4,3
DA:5,3
DA:7,3
DA:9,3
DA:11,3
DA:12,6
DA:14,6
DA:16,6
DA:17,1
DA:18,1
DA:20,5
DA:21,1
DA:22,1
DA:25,4
DA:27,4
DA:28,1
DA:29,1
DA:32,3
DA:33,3
DA:37,3
LF:22
LH:22
BRDA:16,0,0,1
BRDA:16,0,1,5
BRDA:20,1,0,1
BRDA:20,1,1,4
BRDA:27,2,0,1
BRDA:27,2,1,3
BRF:6
BRH:6
end_of_record
TN:
SF:src/routes/user.ts
FN:10,(anonymous_1)
FN:23,(anonymous_2)
FNF:2
FNH:2
FNDA:2,(anonymous_1)
FNDA:2,(anonymous_2)
DA:1,3
DA:3,3
DA:4,3
DA:6,3
DA:8,3
DA:10,3
DA:11,2
DA:13,2
DA:14,2
DA:15,2
DA:16,2
DA:17,1
DA:19,1
DA:23,3
DA:24,2
DA:26,2
DA:28,2
DA:29,1
DA:31,1
DA:35,3
LF:20
LH:20
BRDA:28,0,0,1
BRDA:28,0,1,1
BRF:2
BRH:2
end_of_record
TN:
SF:src/routes/verifyToken.ts
FN:8,(anonymous_1)
FNF:1
FNH:1
FNDA:1,(anonymous_1)
DA:1,3
DA:3,3
DA:4,3
DA:6,3
DA:8,3
DA:9,1
DA:11,1
DA:14,1
DA:15,1
DA:18,3
LF:10
LH:10
BRF:0
BRH:0
end_of_record
TN:
SF:src/util/encryption.ts
FN:5,(anonymous_1)
FN:24,(anonymous_2)
FNF:2
FNH:2
FNDA:4,(anonymous_1)
FNDA:10,(anonymous_2)
DA:1,5
DA:3,5
DA:5,5
DA:6,4
DA:8,4
DA:10,4
DA:12,4
DA:14,4
DA:19,4
DA:21,4
DA:24,5
DA:25,10
DA:27,10
DA:28,10
DA:29,10
DA:30,10
DA:32,10
DA:34,10
DA:35,10
DA:40,10
DA:42,10
LF:21
LH:21
BRF:0
BRH:0
end_of_record
TN:
SF:src/util/verifyToken.ts
FN:5,(anonymous_1)
FN:10,(anonymous_2)
FNF:2
FNH:2
FNDA:5,(anonymous_1)
FNDA:4,(anonymous_2)
DA:1,3
DA:3,3
DA:5,3
DA:6,5
DA:7,5
DA:8,1
DA:10,4
DA:11,4
DA:12,1
DA:17,3
DA:18,3
LF:11
LH:11
BRDA:7,0,0,1
BRDA:7,0,1,4
BRDA:11,1,0,1
BRDA:11,1,1,3
BRF:4
BRH:4
end_of_record
